[03:27:48] [ServerMain/INFO]: [bootstrap] Running Java 21 (OpenJDK 64-Bit Server VM 21.0.8+9-Ubuntu-0ubuntu124.04.1; Ubuntu null) on Linux 6.8.0-1030-azure (amd64)
[03:27:48] [ServerMain/INFO]: [bootstrap] Loading Paper 1.21.10-105-main@1f31ee5 (2025-11-04T19:32:20Z) for Minecraft 1.21.10
[03:27:48] [ServerMain/INFO]: [PluginInitializerManager] Initializing plugins...
[03:27:48] [ServerMain/INFO]: [PluginInitializerManager] Initialized 5 plugins
[03:27:48] [ServerMain/INFO]: [PluginInitializerManager] Bukkit plugins (5):
 - AngelChest (13.9.4), Geyser-Spigot (2.9.0-SNAPSHOT), SkinsRestorer (15.9.0), ViaVersion (5.5.1), floodgate (2.2.5-SNAPSHOT (b121-55a85ec))
[03:27:53] [ServerMain/INFO]: Environment: Environment[sessionHost=https://sessionserver.mojang.com, servicesHost=https://api.minecraftservices.com, profilesHost=https://api.mojang.com, name=PROD]
[03:27:55] [ServerMain/INFO]: Loaded 1461 recipes
[03:27:55] [ServerMain/INFO]: Loaded 1574 advancements
[03:27:55] [ServerMain/INFO]: [ca.spottedleaf.dataconverter.minecraft.datatypes.MCTypeRegistry] Initialising converters for DataConverter...
[03:27:56] [ServerMain/INFO]: [ca.spottedleaf.dataconverter.minecraft.datatypes.MCTypeRegistry] Finished initialising converters for DataConverter in 346.9ms
[03:27:56] [Server thread/INFO]: Starting minecraft server version 1.21.10
[03:27:56] [Server thread/INFO]: Loading properties
[03:27:56] [Server thread/INFO]: This server is running Paper version 1.21.10-105-main@1f31ee5 (2025-11-04T19:32:20Z) (Implementing API version 1.21.10-R0.1-SNAPSHOT)
[03:27:56] [Server thread/INFO]: [spark] This server bundles the spark profiler. For more information please visit https://docs.papermc.io/paper/profiling
[03:27:56] [Server thread/INFO]: Server Ping Player Sample Count: 12
[03:27:56] [Server thread/INFO]: Using 4 threads for Netty based IO
[03:27:58] [Server thread/INFO]: [MoonriseCommon] Paper is using 1 worker threads, 1 I/O threads
[03:27:58] [Server thread/INFO]: Default game type: SURVIVAL
[03:27:58] [Server thread/INFO]: Generating keypair
[03:27:58] [Server thread/INFO]: Starting Minecraft server on *:25565
[03:27:58] [Server thread/INFO]: Using epoll channel type
[03:27:58] [Server thread/INFO]: Paper: Using libdeflate (Linux x86_64) compression from Velocity.
[03:27:58] [Server thread/INFO]: Paper: Using OpenSSL 3.x.x (Linux x86_64) cipher from Velocity.
[03:27:59] [Server thread/INFO]: [floodgate] Loading server plugin floodgate v2.2.5-SNAPSHOT (b121-55a85ec)
[03:28:00] [Server thread/WARN]: [floodgate] en_ is not a supported Floodgate language.
[03:28:00] [Server thread/INFO]: [floodgate] Took 1,012ms to boot Floodgate
[03:28:00] [Server thread/INFO]: [ViaVersion] Loading server plugin ViaVersion v5.5.1
[03:28:00] [Server thread/INFO]: [ViaVersion] ViaVersion 5.5.1 is now loaded. Registering protocol transformers and injecting...
[03:28:00] [Via-Mappingloader-0/INFO]: [ViaVersion] Loading block connection mappings ...
[03:28:01] [Via-Mappingloader-0/INFO]: [ViaVersion] Using FastUtil Long2ObjectOpenHashMap for block connections
[03:28:01] [Server thread/INFO]: [AngelChest] Loading server plugin AngelChest v13.9.4
[03:28:01] [Server thread/INFO]: [Geyser-Spigot] Loading server plugin Geyser-Spigot v2.9.0-SNAPSHOT
[03:28:02] [Server thread/INFO]: [Geyser-Spigot] Loading extensions...
[03:28:02] [Server thread/INFO]: [Geyser-Spigot] Enabled extension ThirdPartyCosmetics
[03:28:02] [Server thread/INFO]: [Geyser-Spigot] Loaded 1 extension(s)
[03:28:02] [Server thread/INFO]: [SkinsRestorer] Loading server plugin SkinsRestorer v15.9.0
[03:28:02] [Server thread/INFO]: Server permissions file permissions.yml is empty, ignoring it
[03:28:02] [Server thread/INFO]: [SkinsRestorer] Enabling SkinsRestorer v15.9.0
[03:28:02] [Server thread/INFO]: [SkinsRestorer] Running on Minecraft 1.21.10.
[03:28:02] [Server thread/INFO]: [SkinsRestorer] Floodgate skin listener registered
[03:28:03] [Server thread/INFO]: [SkinsRestorer] Using paper join listener!
[03:28:03] [Server thread/WARN]: **** SERVER IS RUNNING IN OFFLINE/INSECURE MODE!
[03:28:03] [Server thread/WARN]: The server will make no attempt to authenticate usernames. Beware.
[03:28:03] [Server thread/WARN]: While this makes the game possible to play without internet access, it also opens up the ability for hackers to connect with any username they choose.
[03:28:03] [Server thread/WARN]: To change this, set "online-mode" to "true" in the server.properties file.
[03:28:03] [Server thread/INFO]: Preparing level "world"
[03:28:03] [Folia Async Scheduler Thread #1/INFO]: [SkinsRestorer] ----------------------------------------------
[03:28:03] [Folia Async Scheduler Thread #1/INFO]: [SkinsRestorer]     +==================+
[03:28:03] [Folia Async Scheduler Thread #1/INFO]: [SkinsRestorer]     |   SkinsRestorer  |
[03:28:03] [Folia Async Scheduler Thread #1/INFO]: [SkinsRestorer]     |------------------|
[03:28:03] [Folia Async Scheduler Thread #1/INFO]: [SkinsRestorer]     |  Standalone Mode |
[03:28:03] [Folia Async Scheduler Thread #1/INFO]: [SkinsRestorer]     +==================+
[03:28:03] [Folia Async Scheduler Thread #1/INFO]: [SkinsRestorer] ----------------------------------------------
[03:28:03] [Folia Async Scheduler Thread #1/INFO]: [SkinsRestorer]     Version: 15.9.0
[03:28:03] [Folia Async Scheduler Thread #1/INFO]: [SkinsRestorer]     Commit: 1565b8f
[03:28:03] [Folia Async Scheduler Thread #1/INFO]: [SkinsRestorer]     This is the latest version!
[03:28:03] [Folia Async Scheduler Thread #1/INFO]: [SkinsRestorer] ----------------------------------------------
[03:28:03] [Folia Async Scheduler Thread #1/INFO]: [SkinsRestorer] Do you have issues? Read our troubleshooting guide: https://skinsrestorer.net/docs/troubleshooting
[03:28:03] [Folia Async Scheduler Thread #1/INFO]: [SkinsRestorer] Want to support SkinsRestorer? Consider donating: https://skinsrestorer.net/donate
[03:28:03] [Server thread/INFO]: Loading 0 persistent chunks for world 'minecraft:overworld'...
[03:28:03] [Server thread/INFO]: Prepared spawn area in 1 ms
[03:28:03] [Server thread/INFO]: Loading 0 persistent chunks for world 'minecraft:the_nether'...
[03:28:03] [Server thread/INFO]: Prepared spawn area in 0 ms
[03:28:03] [Server thread/INFO]: Loading 0 persistent chunks for world 'minecraft:the_end'...
[03:28:03] [Server thread/INFO]: Prepared spawn area in 3 ms
[03:28:03] [Server thread/INFO]: Done preparing level "world" (0.621s)
[03:28:03] [Server thread/INFO]: [floodgate] Enabling floodgate v2.2.5-SNAPSHOT (b121-55a85ec)
[03:28:04] [Server thread/INFO]: [ViaVersion] Enabling ViaVersion v5.5.1
[03:28:04] [Server thread/INFO]: [ViaVersion] ViaVersion detected server version: 1.21.9-1.21.10 (773)
[03:28:04] [Server thread/WARN]: [ViaVersion] ViaVersion does not have any compatible versions for this server version!
[03:28:04] [Server thread/WARN]: [ViaVersion] ViaVersion only supports newer client versions. Use ViaBackwards to allow older versions (ViaRewind for 1.7/1.8) to join.
[03:28:04] [Server thread/WARN]: [ViaVersion] Get setup help at https://viaversion.com/setup or download ViaBackwards/ViaRewind directly at https://ci.viaversion.com/
[03:28:04] [Server thread/WARN]: [ViaVersion] Need more help? Join our Discord at https://viaversion.com/discord
[03:28:04] [Server thread/INFO]: [AngelChest] Enabling AngelChest v13.9.4
[03:28:04] [Server thread/INFO]: [AngelChest] groups.yml does not exist, skipping custom group settings.
[03:28:04] [Server thread/INFO]: [AngelChest] blacklist.yml does not exist, disabling item blacklist.
[03:28:04] [Server thread/INFO]: [AngelChest] Not using premium version, disabling Graveyards feature
[03:28:04] [Server thread/WARN]: [AngelChest] Could not add usage/description to command acopen
[03:28:04] [Server thread/INFO]: [AngelChest] Vault not installed, disabling economy functions.
[03:28:04] [Server thread/INFO]: [AngelChest] [ACF] Enabled Asynchronous Tab Completion Support!
[03:28:04] [Server thread/INFO]: [AngelChest] Successfully enabled AngelChest v13.9.4 (Premium: false)
[03:28:04] [Server thread/INFO]: [Geyser-Spigot] Enabling Geyser-Spigot v2.9.0-SNAPSHOT
[03:28:06] [Server thread/INFO]: [spark] Starting background profiler...
[03:28:06] [Server thread/INFO]: [Geyser-Spigot] ******************************************
[03:28:06] [Server thread/INFO]: [Geyser-Spigot] 
[03:28:06] [Server thread/INFO]: [Geyser-Spigot] Loading Geyser version 2.9.0-b979 (git-master-73e67fc)
[03:28:06] [Server thread/INFO]: [Geyser-Spigot] 
[03:28:06] [Server thread/INFO]: [Geyser-Spigot] ******************************************
[03:28:10] [GeyserServer-3-1/INFO]: [Geyser-Spigot] Started Geyser on UDP port 12426
[03:28:10] [Server thread/INFO]: [Geyser-Spigot] Done (3.819s)! Run /geyser help for help!
[03:28:10] [Server thread/INFO]: Running delayed init tasks
[03:28:10] [Server thread/INFO]: Done (23.469s)! For help, type "help"
[03:28:10] [Craft Scheduler Thread - 2 - ViaVersion/INFO]: [ViaVersion] Finished mapping loading, shutting down loader executor.
[03:28:11] [Server thread/WARN]: java.net.UnknownHostException: api.jeff-media.de
[03:28:11] [Server thread/WARN]: 	at java.base/sun.nio.ch.NioSocketImpl.connect(NioSocketImpl.java:567)
[03:28:11] [Server thread/WARN]: 	at java.base/java.net.SocksSocketImpl.connect(SocksSocketImpl.java:327)
[03:28:11] [Server thread/WARN]: 	at java.base/java.net.Socket.connect(Socket.java:751)
[03:28:11] [Server thread/WARN]: 	at java.base/sun.security.ssl.SSLSocketImpl.connect(SSLSocketImpl.java:304)
[03:28:11] [Server thread/WARN]: 	at java.base/sun.net.NetworkClient.doConnect(NetworkClient.java:178)
[03:28:11] [Server thread/WARN]: 	at java.base/sun.net.www.http.HttpClient.openServer(HttpClient.java:531)
[03:28:11] [Server thread/WARN]: 	at java.base/sun.net.www.http.HttpClient.openServer(HttpClient.java:636)
[03:28:11] [Server thread/WARN]: 	at java.base/sun.net.www.protocol.https.HttpsClient.<init>(HttpsClient.java:264)
[03:28:11] [Server thread/WARN]: 	at java.base/sun.net.www.protocol.https.HttpsClient.New(HttpsClient.java:377)
[03:28:11] [Server thread/WARN]: 	at java.base/sun.net.www.protocol.https.AbstractDelegateHttpsURLConnection.getNewHttpClient(AbstractDelegateHttpsURLConnection.java:193)
[03:28:11] [Server thread/WARN]: 	at java.base/sun.net.www.protocol.http.HttpURLConnection.plainConnect0(HttpURLConnection.java:1253)
[03:28:11] [Server thread/WARN]: 	at java.base/sun.net.www.protocol.http.HttpURLConnection.plainConnect(HttpURLConnection.java:1139)
[03:28:11] [Server thread/WARN]: 	at java.base/sun.net.www.protocol.https.AbstractDelegateHttpsURLConnection.connect(AbstractDelegateHttpsURLConnection.java:179)
[03:28:11] [Server thread/WARN]: 	at java.base/sun.net.www.protocol.http.HttpURLConnection.getInputStream0(HttpURLConnection.java:1691)
[03:28:11] [Server thread/WARN]: 	at java.base/sun.net.www.protocol.http.HttpURLConnection.getInputStream(HttpURLConnection.java:1615)
[03:28:11] [Server thread/WARN]: 	at java.base/sun.net.www.protocol.https.HttpsURLConnectionImpl.getInputStream(HttpsURLConnectionImpl.java:223)
[03:28:11] [Server thread/WARN]: 	at AngelChest-13.9.4.jar//de.jeff_media.angelchest.AngelChestMain$$TA.$$case(UpdateChecker.java:203)
[03:28:11] [Server thread/WARN]: 	at org.bukkit.craftbukkit.scheduler.CraftTask.run(CraftTask.java:78)
[03:28:11] [Server thread/WARN]: 	at org.bukkit.craftbukkit.scheduler.CraftAsyncTask.run(CraftAsyncTask.java:57)
[03:28:11] [Server thread/WARN]: 	at com.destroystokyo.paper.ServerSchedulerReportingWrapper.run(ServerSchedulerReportingWrapper.java:22)
[03:28:11] [Server thread/WARN]: 	at java.base/java.util.concurrent.ThreadPoolExecutor.runWorker(ThreadPoolExecutor.java:1144)
[03:28:11] [Server thread/WARN]: 	at java.base/java.util.concurrent.ThreadPoolExecutor$Worker.run(ThreadPoolExecutor.java:642)
[03:28:11] [Server thread/WARN]: 	at java.base/java.lang.Thread.run(Thread.java:1583)
[03:28:11] [Server thread/WARN]: [AngelChest] Could not check for updates.
[03:28:13] [Server thread/INFO]: [AngelChest] ========================================================
[03:28:13] [Server thread/INFO]: [AngelChest] You are using the free version of AngelChest. There is
[03:28:13] [Server thread/INFO]: [AngelChest] also a premium version available, called AngelChestPlus.
[03:28:13] [Server thread/INFO]: [AngelChest] It includes TONS of new features and exclusive Discord
[03:28:13] [Server thread/INFO]: [AngelChest] support. The free version will still receive bugfixes,
[03:28:13] [Server thread/INFO]: [AngelChest] but there won't be ANY new features!
[03:28:13] [Server thread/INFO]: [AngelChest] If you like AngelChest, you will LOVE AngelChestPlus, so
[03:28:13] [Server thread/INFO]: [AngelChest] please consider upgrading! Thank you for using AngelChest.
[03:28:13] [Server thread/INFO]: [AngelChest] 
[03:28:13] [Server thread/INFO]: [AngelChest] https://www.spigotmc.org/resources/88214
[03:28:13] [Server thread/INFO]: [AngelChest] ========================================================
[03:28:18] [User Authenticator #0/INFO]: UUID of player Luis512MC is 5481e4e4-6be3-3172-8677-4830fb8a2f43
[03:28:20] [Server thread/INFO]: Luis512MC joined the game
[03:28:20] [Server thread/INFO]: Luis512MC[/127.152.89.139:43199] logged in with entity id 63 at ([world]-746.3000000119209, 74.0, 2345.300000011921)
[03:32:40] [GeyserServerChild-4-1/INFO]: [Geyser-Spigot] Player connected with username CrashBlock73577
[03:32:40] [localSession-7-2/INFO]: [Geyser-Spigot] CrashBlock73577 (logged in as: CrashBlock73577) has connected to the Java server
[03:32:41] [Server thread/INFO]: [floodgate] Floodgate player logged in as .CrashBlock73577 joined (UUID: 00000000-0000-0000-0009-01f00bc69dfd)
[03:32:41] [Server thread/INFO]: .CrashBlock73577 joined the game
[03:32:41] [Server thread/INFO]: .CrashBlock73577[/127.219.172.215:0] logged in with entity id 939 at ([world]-240.80362, 64.0, 2316.908)
[03:45:09] [Server thread/INFO]: .CrashBlock73577 was blown up by Creeper
[04:06:31] [Async Chat Thread - #0/INFO]: [Not Secure] <Luis512MC> dormir
[04:12:44] [Async Chat Thread - #1/INFO]: [Not Secure] <Luis512MC> . jennifer porque te saliste ?
[04:31:36] [Server thread/INFO]: .CrashBlock73577 was blown up by Creeper
[04:32:21] [Server thread/INFO]: Villager Villager['Leatherworker'/1001, uuid='017da893-a671-4c2f-8ae3-5f4e3a617703', l='ServerLevel[world]', x=-295.80, y=66.00, z=2332.21, cpos=[-19, 145], tl=71560, v=true] died, message: 'Leatherworker was slain by Zombie'
[04:34:06] [Server thread/INFO]: .CrashBlock73577 was shot by Skeleton
[04:37:00] [Server thread/INFO]: Luis512MC was slain by Zombie
[04:37:03] [Server thread/INFO]: Luis512MC issued server command: /actp 1
[04:49:44] [Server thread/INFO]: Luis512MC was slain by Enderman
[04:49:49] [Server thread/INFO]: Luis512MC issued server command: /actp 1
[04:54:24] [Async Chat Thread - #3/INFO]: [Not Secure] <Luis512MC> tbuenas noches bro
[04:54:27] [Async Chat Thread - #3/INFO]: [Not Secure] <Luis512MC> descansa
[04:54:36] [Async Chat Thread - #3/INFO]: [Not Secure] <.CrashBlock73577> diamante
[04:54:41] [Async Chat Thread - #3/INFO]: [Not Secure] <Luis512MC> perdiste
[04:55:06] [Server thread/WARN]: .CrashBlock73577 moved wrongly!
[04:57:45] [Async Chat Thread - #5/INFO]: [Not Secure] <Luis512MC> y el barco?
[04:58:46] [Async Chat Thread - #7/INFO]: [Not Secure] <Luis512MC> y mi barco?
[05:03:34] [Async Chat Thread - #9/INFO]: [Not Secure] <Luis512MC> y mi barco?
[05:03:48] [Async Chat Thread - #9/INFO]: [Not Secure] <.CrashBlock73577> non se
[05:03:59] [Async Chat Thread - #9/INFO]: [Not Secure] <Luis512MC> pero te lo dejé a ti con toda la madera
[05:06:12] [Async Chat Thread - #11/INFO]: [Not Secure] <Luis512MC> que hiciste con toda la madera?
[05:06:36] [Async Chat Thread - #11/INFO]: [Not Secure] <.CrashBlock73577> aqui la tengo
[05:06:42] [Async Chat Thread - #11/INFO]: [Not Secure] <Luis512MC> ah bueno
[05:07:29] [Async Chat Thread - #11/INFO]: [Not Secure] <Luis512MC> ty los brotes de arboles?
[05:10:56] [Async Chat Thread - #13/INFO]: [Not Secure] <.CrashBlock73577> también
[05:11:35] [Async Chat Thread - #13/INFO]: [Not Secure] <.CrashBlock73577> bueno ahorasi si me voy
[05:11:46] [Async Chat Thread - #13/INFO]: [Not Secure] <Luis512MC> buenas noches bro
[05:11:49] [Async Chat Thread - #14/INFO]: [Not Secure] <Luis512MC> descansa
[05:12:02] [Async Chat Thread - #14/INFO]: [Not Secure] <.CrashBlock73577> descansa y buenas noches
[05:12:37] [GeyserServerChild-4-1/INFO]: [Geyser-Spigot] CrashBlock73577 has disconnected from the Java server because of Bedrock client disconnected
[05:12:37] [Geyser Spigot connection thread-6-3/INFO]: [floodgate] Floodgate player logged in as .CrashBlock73577 disconnected
[05:12:37] [Server thread/INFO]: .CrashBlock73577 lost connection: Disconnected
[05:12:37] [Server thread/INFO]: .CrashBlock73577 left the game
[05:13:14] [Server thread/INFO]: Luis512MC lost connection: Disconnected
[05:13:14] [Server thread/INFO]: Luis512MC left the game
[05:13:20] [Server thread/INFO]: Stopping the server
[05:13:20] [Server thread/INFO]: Stopping server
[05:13:20] [Server thread/INFO]: [SkinsRestorer] Disabling SkinsRestorer v15.9.0
[05:13:20] [Server thread/INFO]: [Geyser-Spigot] Disabling Geyser-Spigot v2.9.0-SNAPSHOT
[05:13:20] [Server thread/INFO]: [Geyser-Spigot] Shutting down Geyser.
[05:13:20] [Server thread/INFO]: [Geyser-Spigot] Disabled extension ThirdPartyCosmetics
[05:13:20] [Server thread/INFO]: [Geyser-Spigot] Geyser shutdown successfully.
[05:13:20] [Server thread/INFO]: [AngelChest] Disabling AngelChest v13.9.4
[05:13:20] [Server thread/INFO]: [ViaVersion] Disabling ViaVersion v5.5.1
[05:13:20] [Server thread/INFO]: [ViaVersion] ViaVersion has been disabled; uninjected the platform and shut down the scheduler.
[05:13:20] [Server thread/INFO]: [floodgate] Disabling floodgate v2.2.5-SNAPSHOT (b121-55a85ec)
[05:13:20] [Server thread/INFO]: Saving players
[05:13:20] [Server thread/INFO]: Saving worlds
[05:13:20] [Server thread/INFO]: Saving chunks for level 'ServerLevel[world]'/minecraft:overworld
[05:13:20] [Server thread/INFO]: [ChunkHolderManager] Waiting 60s for chunk system to halt for world 'world'
[05:13:20] [Server thread/INFO]: [ChunkHolderManager] Halted chunk system for world 'world'
[05:13:20] [Server thread/INFO]: [ChunkHolderManager] Saving all chunkholders for world 'world'
[05:13:21] [WebSocketConnectReadThread-98/INFO]: [Geyser-Spigot] The skin uploader has been closed
[05:13:22] [Server thread/INFO]: [ChunkHolderManager] Saved 838 block chunks, 858 entity chunks, 0 poi chunks in world 'world' in 1.34s
[05:13:22] [Server thread/INFO]: [ChunkHolderManager] Waiting 60s for chunk I/O to halt for world 'world'
[05:13:22] [Server thread/INFO]: [ChunkHolderManager] Halted I/O scheduler for world 'world'
[05:13:22] [Server thread/INFO]: Saving chunks for level 'ServerLevel[world_nether]'/minecraft:the_nether
[05:13:22] [Server thread/INFO]: [ChunkHolderManager] Waiting 60s for chunk system to halt for world 'world_nether'
[05:13:22] [Server thread/INFO]: [ChunkHolderManager] Halted chunk system for world 'world_nether'
[05:13:22] [Server thread/INFO]: [ChunkHolderManager] Saving all chunkholders for world 'world_nether'
[05:13:22] [Server thread/INFO]: [ChunkHolderManager] Saved 0 block chunks, 0 entity chunks, 0 poi chunks in world 'world_nether' in 0.00s
[05:13:22] [Server thread/INFO]: [ChunkHolderManager] Waiting 60s for chunk I/O to halt for world 'world_nether'
[05:13:22] [Server thread/INFO]: [ChunkHolderManager] Halted I/O scheduler for world 'world_nether'
[05:13:22] [Server thread/INFO]: Saving chunks for level 'ServerLevel[world_the_end]'/minecraft:the_end
[05:13:22] [Server thread/INFO]: [ChunkHolderManager] Waiting 60s for chunk system to halt for world 'world_the_end'
[05:13:22] [Server thread/INFO]: [ChunkHolderManager] Halted chunk system for world 'world_the_end'
[05:13:22] [Server thread/INFO]: [ChunkHolderManager] Saving all chunkholders for world 'world_the_end'
[05:13:22] [Server thread/INFO]: [ChunkHolderManager] Saved 0 block chunks, 0 entity chunks, 0 poi chunks in world 'world_the_end' in 0.00s
[05:13:22] [Server thread/INFO]: [ChunkHolderManager] Waiting 60s for chunk I/O to halt for world 'world_the_end'
[05:13:22] [Server thread/INFO]: [ChunkHolderManager] Halted I/O scheduler for world 'world_the_end'
[05:13:22] [Server thread/INFO]: ThreadedAnvilChunkStorage (world): All chunks are saved
[05:13:22] [Server thread/INFO]: ThreadedAnvilChunkStorage (DIM-1): All chunks are saved
[05:13:22] [Server thread/INFO]: ThreadedAnvilChunkStorage (DIM1): All chunks are saved
[05:13:22] [Server thread/INFO]: ThreadedAnvilChunkStorage: All dimensions are saved
[05:13:22] [Server thread/INFO]: Waiting for all RegionFile I/O tasks to complete...
[05:13:22] [Server thread/INFO]: All RegionFile I/O tasks to complete
[05:13:22] [Server thread/INFO]: [MoonriseCommon] Awaiting termination of worker pool for up to 60s...
[05:13:22] [Server thread/INFO]: [MoonriseCommon] Awaiting termination of I/O pool for up to 60s...
